[2018-06-08 12:53:37] [info] Start Program:
Path:"E:\Documente\Tudor\Facultate\Semestrul_2\DSA\sorted_map\Debug\sorted_map.exe"
Arguments:
Working directory: "E:\Documente\Tudor\Facultate\Semestrul_2\DSA\sorted_map\sorted_map\"
Modules: Selected: E:\Documente\Tudor\Facultate\Semestrul_2\DSA\sorted_map\Debug\sorted_map.exe Excluded: 
Sources: Selected: E:\Documente\Tudor\Facultate\Semestrul_2\DSA\sorted_map\sorted_map Excluded: 
Log Level: Normal
Cover Children: 0
Aggregate by file: 1
Continue after C++ exception: 0
Optimized build support: 0
Export: Binary C:\Users\Asus\AppData\Local\Temp\tw2y234v.l00 
Input coverage: 
Unified diff: 
Excluded line regular expressions: 

[2018-06-08 12:53:42] [info] Module: E:\Documente\Tudor\Facultate\Semestrul_2\DSA\sorted_map\Debug\sorted_map.exe is selected because it matches selected pattern: E:\Documente\Tudor\Facultate\Semestrul_2\DSA\sorted_map\Debug\sorted_map.exe
[2018-06-08 12:53:42] [info] Module: C:\Windows\SysWOW64\ntdll.dll is skipped because it matches no selected patterns
[2018-06-08 12:53:42] [info] Module: C:\Windows\SysWOW64\kernel32.dll is skipped because it matches no selected patterns
[2018-06-08 12:53:42] [info] Module: C:\Windows\SysWOW64\KernelBase.dll is skipped because it matches no selected patterns
[2018-06-08 12:53:42] [info] Module: C:\Windows\SysWOW64\vcruntime140d.dll is skipped because it matches no selected patterns
[2018-06-08 12:53:42] [info] Module: C:\Windows\SysWOW64\ucrtbased.dll is skipped because it matches no selected patterns
[2018-06-08 12:53:42] [info] Module: C:\Windows\SysWOW64\msvcp140d.dll is skipped because it matches no selected patterns
[2018-06-08 12:53:42] [info] Module: C:\Windows\SysWOW64\kernel.appcore.dll is skipped because it matches no selected patterns
[2018-06-08 12:53:42] [info] Module: C:\Windows\SysWOW64\msvcrt.dll is skipped because it matches no selected patterns
[2018-06-08 12:53:42] [info] Module: C:\Windows\SysWOW64\rpcrt4.dll is skipped because it matches no selected patterns
[2018-06-08 12:53:42] [info] Module: C:\Windows\SysWOW64\sspicli.dll is skipped because it matches no selected patterns
[2018-06-08 12:53:42] [info] Module: C:\Windows\SysWOW64\cryptbase.dll is skipped because it matches no selected patterns
[2018-06-08 12:53:42] [info] Module: C:\Windows\SysWOW64\bcryptprimitives.dll is skipped because it matches no selected patterns
[2018-06-08 12:53:42] [info] Module: C:\Windows\SysWOW64\sechost.dll is skipped because it matches no selected patterns
[2018-06-08 12:53:42] [info] ----------------------------------------------------
[2018-06-08 12:53:42] [info] Coverage binary generated in file: C:\Users\Asus\AppData\Local\Temp\tw2y234v.l00
[2018-06-08 12:53:42] [info] ----------------------------------------------------
